Arguments: 
  D:\Program Files\nodejs\node.exe D:\nodejs\npm_global_modules\node_modules\node_modules\yarn\bin\yarn.js add -D clean-webpack-plugin

PATH: 
  C:\Windows\system32;C:\Windows;C:\Windows\System32\Wbem;C:\Windows\System32\WindowsPowerShell\v1.0\;D:\Program Files\nodejs\;d:\Program Files\Git\cmd;D:\nodejs\npm_global_modules\node_modules;C:\Users\admin\AppData\Roaming\npm;D:\Program Files\Microsoft VS Code\bin;D:\Program Files\Fiddler

Yarn version: 
  1.9.4

Node version: 
  10.8.0

Platform: 
  win32 x64

Trace: 
  Error: EPERM: operation not permitted, copyfile 'C:\Users\admin\AppData\Local\Yarn\Cache\v2\npm-core-js-2.6.1-87416ae817de957a3f249b3b5ca475d4aaed6042\modules\_set-species.js' -> 'D:\code\vue\vue-webpack\node_modules\core-js\modules\_set-species.js'

npm manifest: 
  {
    "name": "vue-webpack",
    "version": "1.0.0",
    "description": "",
    "main": "index.js",
    "scripts": {
      "build": "webpack --config=webpack/webpack.config.prod.js",
      "dev": "webpack-dev-server --config=webpack/webpack.config.dev.js",
      "test": "echo \"Error: no test specified\" && exit 1"
    },
    "author": "",
    "license": "ISC",
    "devDependencies": {
      "@babel/core": "^7.2.2",
      "@babel/plugin-transform-runtime": "^7.2.0",
      "@babel/preset-env": "^7.2.3",
      "babel-loader": "^8.0.0-beta.0",
      "babel-plugin-dynamic-import-webpack": "^1.1.0",
      "clean-webpack-plugin": "^1.0.0",
      "css-loader": "^2.1.0",
      "file-loader": "^3.0.1",
      "html-webpack-plugin": "^3.2.0",
      "less": "^3.9.0",
      "less-loader": "^4.1.0",
      "mini-css-extract-plugin": "^0.5.0",
      "path": "^0.12.7",
      "progress-bar-webpack-plugin": "^1.11.0",
      "style-loader": "^0.23.1",
      "vue-loader": "^15.5.1",
      "vue-template-compiler": "^2.5.21",
      "webpack": "^4.28.3",
      "webpack-cli": "^3.2.1",
      "webpack-dev-server": "^3.1.14",
      "webpack-merge": "^4.2.1"
    },
    "dependencies": {
      "@babel/runtime": "^7.2.0",
      "autoprefixer": "^9.4.4",
      "babel-polyfill": "^6.26.0",
      "postcss-loader": "^3.0.0",
      "vue": "^2.5.21",
      "vue-router": "^3.0.2",
      "vuex": "^3.0.1"
    }
  }

yarn manifest: 
  No manifest

Lockfile: 
  No lockfile
